<?xml version="1.0" encoding="UTF-8"?>
<!-- Generated by org.testng.reporters.JUnitXMLReporter -->
<testsuite ignored="1" hostname="Sudhanshus-MacBook-Air.local" failures="0" tests="1" name="Test" time="14.239" errors="0" timestamp="2024-09-29T21:11:00 IST">
  <testcase classname="testCases.TC002_LoginTest" name="verify_login" time="3.807"/>
  <testcase classname="testCases.TC001_AccountRegistrationTest" name="verify_account_registration" time="0.0">
    <ignored/>
  </testcase> <!-- verify_account_registration -->
</testsuite> <!-- Test -->
