<?xml version="1.0" encoding="UTF-8"?>
<!-- Generated by org.testng.reporters.JUnitXMLReporter -->
<testsuite ignored="0" hostname="Sudhanshus-MacBook-Air.local" failures="1" tests="1" name="safaritest" time="16.271" errors="0" timestamp="2024-09-28T21:40:09 IST">
  <testcase classname="testCases.AccountRegistrationTest" name="verify_account_registration" time="6.711">
    <failure type="java.lang.AssertionError" message="Your Account Has Been Created! expected:&amp;lt;Your Account Has Been Created!&amp;gt; but was:&amp;lt;Test Failed: Confirmation message mismatch.&amp;gt;">
      <![CDATA[java.lang.AssertionError: Your Account Has Been Created! expected:<Your Account Has Been Created!> but was:<Test Failed: Confirmation message mismatch.>
at testCases.AccountRegistrationTest.verify_account_registration(AccountRegistrationTest.java:66)
at java.base/java.util.ArrayList.forEach(ArrayList.java:1596)
... Removed 26 stack frames]]>
    </failure>
  </testcase> <!-- verify_account_registration -->
</testsuite> <!-- safaritest -->
